<?xml version="1.0" encoding="UTF-8"?>
<!-- Generated by org.testng.reporters.JUnitReportReporter -->
<testsuite hostname="LAPTOP-DS4ESSB9" failures="0" tests="1" name="BasicProgramTest.Program1Test" time="0.119" errors="0" timestamp="2022-05-30T15:20:34 IST" skipped="0">
  <testcase classname="BasicProgramTest.Program1Test" name="programtest" time="0.119"/>
  <system-out/>
</testsuite> <!-- BasicProgramTest.Program1Test -->
