<?xml version="1.0" encoding="UTF-8"?>
<!-- Generated by org.testng.reporters.JUnitReportReporter -->
<testsuite hostname="LAPTOP-DS4ESSB9" failures="0" tests="1" name="BasicProgramTest.Program2Test" time="0.119" errors="0" timestamp="2022-05-30T15:24:36 IST" skipped="0">
  <testcase classname="BasicProgramTest.Program2Test" name="empolyesname" time="0.119"/>
  <system-out/>
</testsuite> <!-- BasicProgramTest.Program2Test -->
